[2022-03-02T12:51:01.124897+01:00] PHP_BASICS.INFO: DELETE FROM tasks WHERE id = 65 [] []
[2022-03-02T12:51:01.189597+01:00] PHP_BASICS.INFO: SELECT * FROM tasks [] []
[2022-03-02T12:51:02.168751+01:00] PHP_BASICS.INFO: DELETE FROM tasks WHERE id = 64 [] []
[2022-03-02T12:51:02.214967+01:00] PHP_BASICS.INFO: SELECT * FROM tasks [] []
[2022-03-02T12:51:03.132131+01:00] PHP_BASICS.INFO: DELETE FROM tasks WHERE id = 63 [] []
[2022-03-02T12:51:03.159807+01:00] PHP_BASICS.INFO: SELECT * FROM tasks [] []
[2022-03-02T12:51:17.161863+01:00] PHP_BASICS.INFO: INSERT INTO tasks (description) VALUES (?) [] []
[2022-03-02T12:51:17.238160+01:00] PHP_BASICS.INFO: SELECT * FROM tasks [] []
[2022-03-02T13:34:46.911265+01:00] PHP_BASICS.INFO: SELECT * FROM tasks [] []
[2022-03-02T13:34:48.534380+01:00] PHP_BASICS.INFO: SELECT * FROM tasks WHERE completed = 0 [] []
[2022-03-02T13:34:49.156508+01:00] PHP_BASICS.INFO: SELECT * FROM tasks WHERE completed = 1 [] []
[2022-03-02T13:34:49.821396+01:00] PHP_BASICS.INFO: SELECT * FROM tasks [] []
[2022-03-02T13:34:51.584048+01:00] PHP_BASICS.INFO: DELETE FROM tasks WHERE id = 54 [] []
[2022-03-02T13:34:51.631587+01:00] PHP_BASICS.INFO: SELECT * FROM tasks [] []
[2022-03-02T13:34:56.691880+01:00] PHP_BASICS.INFO: INSERT INTO tasks (description) VALUES (?) [] []
[2022-03-02T13:34:56.722478+01:00] PHP_BASICS.INFO: SELECT * FROM tasks [] []
[2022-03-02T13:34:59.089035+01:00] PHP_BASICS.INFO: SELECT * FROM tasks WHERE completed = 0 [] []
[2022-03-02T13:34:59.752628+01:00] PHP_BASICS.INFO: SELECT * FROM tasks WHERE completed = 0 [] []
[2022-03-02T13:35:01.056655+01:00] PHP_BASICS.INFO: SELECT * FROM tasks WHERE completed = 1 [] []
[2022-03-02T13:35:03.159203+01:00] PHP_BASICS.INFO: SELECT * FROM tasks WHERE completed = 0 [] []
[2022-03-02T13:35:06.362556+01:00] PHP_BASICS.INFO: DELETE FROM tasks WHERE id = 66 [] []
[2022-03-02T13:35:06.408848+01:00] PHP_BASICS.INFO: SELECT * FROM tasks WHERE completed = 0 [] []
[2022-03-02T13:44:05.214853+01:00] PHP_BASICS.INFO: SELECT * FROM tasks WHERE completed = 0 [] []
[2022-03-02T13:44:06.067396+01:00] PHP_BASICS.INFO: SELECT * FROM tasks [] []
[2022-03-02T13:44:07.344861+01:00] PHP_BASICS.INFO: UPDATE tasks SET completed = ? WHERE id = 53 [] []
[2022-03-02T13:44:07.375122+01:00] PHP_BASICS.INFO: SELECT * FROM tasks [] []
[2022-03-02T13:44:18.544774+01:00] PHP_BASICS.INFO: INSERT INTO tasks (description) VALUES (?) [] []
[2022-03-02T13:44:18.591578+01:00] PHP_BASICS.INFO: SELECT * FROM tasks [] []
[2022-03-02T13:47:42.165423+01:00] PHP_BASICS.INFO: SELECT * FROM tasks [] []
[2022-03-02T13:47:48.986382+01:00] PHP_BASICS.INFO: SELECT * FROM tasks [] []
[2022-03-02T13:47:50.022483+01:00] PHP_BASICS.INFO: SELECT * FROM tasks WHERE completed = 0 [] []
[2022-03-02T13:47:50.620793+01:00] PHP_BASICS.INFO: SELECT * FROM tasks [] []
[2022-03-02T13:47:51.492208+01:00] PHP_BASICS.INFO: SELECT * FROM tasks WHERE completed = 1 [] []
[2022-03-02T13:47:52.211179+01:00] PHP_BASICS.INFO: SELECT * FROM tasks WHERE completed = 0 [] []
[2022-03-02T13:47:53.321275+01:00] PHP_BASICS.INFO: UPDATE tasks SET completed = ? WHERE id = 53 [] []
[2022-03-02T13:47:53.368078+01:00] PHP_BASICS.INFO: SELECT * FROM tasks WHERE completed = 0 [] []
[2022-03-02T13:47:54.054564+01:00] PHP_BASICS.INFO: UPDATE tasks SET completed = ? WHERE id = 67 [] []
[2022-03-02T13:47:54.085730+01:00] PHP_BASICS.INFO: SELECT * FROM tasks WHERE completed = 0 [] []
[2022-03-02T13:47:54.802234+01:00] PHP_BASICS.INFO: SELECT * FROM tasks WHERE completed = 1 [] []
[2022-03-02T13:47:55.939369+01:00] PHP_BASICS.INFO: SELECT * FROM tasks [] []
[2022-03-02T13:47:56.436602+01:00] PHP_BASICS.INFO: SELECT * FROM tasks [] []
[2022-03-02T13:47:56.762618+01:00] PHP_BASICS.INFO: SELECT * FROM tasks WHERE completed = 0 [] []
[2022-03-13T13:21:28.273003+01:00] PHP_BASICS.INFO: SELECT * FROM tasks [] []
[2022-03-13T13:21:32.802292+01:00] PHP_BASICS.INFO: UPDATE tasks SET completed = ? WHERE id = 53 [] []
[2022-03-13T13:21:32.844573+01:00] PHP_BASICS.INFO: SELECT * FROM tasks [] []
[2022-03-13T13:21:33.473336+01:00] PHP_BASICS.INFO: UPDATE tasks SET completed = ? WHERE id = 53 [] []
[2022-03-13T13:21:33.499899+01:00] PHP_BASICS.INFO: SELECT * FROM tasks [] []
[2022-03-13T13:21:35.129245+01:00] PHP_BASICS.INFO: UPDATE tasks SET completed = ? WHERE id = 67 [] []
[2022-03-13T13:21:35.159260+01:00] PHP_BASICS.INFO: SELECT * FROM tasks [] []
[2022-03-13T13:21:38.375731+01:00] PHP_BASICS.INFO: UPDATE tasks SET completed = ? WHERE id = 57 [] []
[2022-03-13T13:21:38.401914+01:00] PHP_BASICS.INFO: SELECT * FROM tasks [] []
[2022-03-13T13:21:39.241071+01:00] PHP_BASICS.INFO: DELETE FROM tasks WHERE id = 57 [] []
[2022-03-13T13:21:39.272499+01:00] PHP_BASICS.INFO: SELECT * FROM tasks [] []
[2022-03-13T13:21:42.061303+01:00] PHP_BASICS.INFO: SELECT * FROM tasks WHERE completed = 0 [] []
[2022-03-13T13:21:42.634249+01:00] PHP_BASICS.INFO: SELECT * FROM tasks WHERE completed = 1 [] []
[2022-03-13T13:21:43.446560+01:00] PHP_BASICS.INFO: SELECT * FROM tasks [] []
[2022-03-13T13:21:53.169854+01:00] PHP_BASICS.INFO: INSERT INTO tasks (description) VALUES (?) [] []
[2022-03-13T13:21:53.195832+01:00] PHP_BASICS.INFO: SELECT * FROM tasks [] []
[2022-03-13T13:25:23.294896+01:00] PHP_BASICS.INFO: SELECT * FROM tasks WHERE completed = 1 [] []
[2022-03-13T13:25:23.734604+01:00] PHP_BASICS.INFO: SELECT * FROM tasks WHERE completed = 0 [] []
[2022-03-13T13:25:24.247703+01:00] PHP_BASICS.INFO: SELECT * FROM tasks [] []
[2022-03-13T16:44:02.582723+01:00] PHP_BASICS.INFO: UPDATE tasks SET completed = ? WHERE id = 67 [] []
[2022-03-13T16:44:02.610150+01:00] PHP_BASICS.INFO: SELECT * FROM tasks [] []
[2022-03-13T16:44:03.241069+01:00] PHP_BASICS.INFO: UPDATE tasks SET completed = ? WHERE id = 67 [] []
[2022-03-13T16:44:03.271996+01:00] PHP_BASICS.INFO: SELECT * FROM tasks [] []
[2022-03-13T16:44:04.445675+01:00] PHP_BASICS.INFO: UPDATE tasks SET completed = ? WHERE id = 67 [] []
[2022-03-13T16:44:04.478053+01:00] PHP_BASICS.INFO: SELECT * FROM tasks [] []
[2022-03-15T16:01:27.739360+01:00] PHP_BASICS.INFO: SELECT * FROM tasks [] []
[2022-03-16T13:13:11.191616+01:00] PHP_BASICS.INFO: SELECT * FROM tasks [] []
[2022-03-16T13:13:23.347783+01:00] PHP_BASICS.INFO: SELECT * FROM tasks [] []
[2022-03-16T13:13:34.021096+01:00] PHP_BASICS.INFO: SELECT * FROM tasks [] []
[2022-03-17T11:16:32.547613+01:00] PHP_BASICS.INFO: SELECT * FROM tasks [] []
[2022-03-21T02:42:32.077482+01:00] PHP_BASICS.INFO: SELECT * FROM tasks [] []
[2022-03-21T02:47:05.825427+01:00] PHP_BASICS.INFO: SELECT * FROM tasks [] []
[2022-03-21T02:47:15.125719+01:00] PHP_BASICS.INFO: SELECT * FROM tasks [] []
[2022-03-21T02:47:49.548252+01:00] PHP_BASICS.INFO: SELECT * FROM tasks [] []
[2022-03-21T02:49:19.202401+01:00] PHP_BASICS.INFO: SELECT * FROM tasks [] []
[2022-04-26T14:00:54.211170+02:00] PHP_BASICS.INFO: SELECT * FROM tasks [] []
[2022-04-26T14:00:56.880989+02:00] PHP_BASICS.INFO: SELECT * FROM tasks [] []
[2022-04-26T14:01:08.527026+02:00] PHP_BASICS.INFO: SELECT * FROM tasks WHERE completed = 0 [] []
[2022-04-26T14:01:09.886303+02:00] PHP_BASICS.INFO: SELECT * FROM tasks WHERE completed = 1 [] []
[2022-04-26T14:01:11.087149+02:00] PHP_BASICS.INFO: SELECT * FROM tasks [] []
[2022-04-26T14:01:19.107752+02:00] PHP_BASICS.INFO: INSERT INTO tasks (description) VALUES (?) [] []
[2022-04-26T14:01:19.167904+02:00] PHP_BASICS.INFO: SELECT * FROM tasks [] []
[2022-04-26T17:16:06.393054+02:00] PHP_BASICS.INFO: INSERT INTO tasks (description) VALUES (?) [] []
[2022-04-26T17:16:06.434803+02:00] PHP_BASICS.INFO: SELECT * FROM tasks [] []
[2022-04-28T04:56:33.928216+02:00] PHP_BASICS.INFO: SELECT * FROM tasks [] []
[2022-04-28T04:58:20.428021+02:00] PHP_BASICS.INFO: SELECT * FROM tasks [] []
[2022-04-28T05:00:26.353544+02:00] PHP_BASICS.INFO: SELECT * FROM tasks [] []
[2022-04-28T05:00:57.052147+02:00] PHP_BASICS.INFO: SELECT * FROM tasks [] []
[2022-04-28T05:01:04.916643+02:00] PHP_BASICS.INFO: DELETE FROM tasks WHERE id = 53 [] []
[2022-04-28T05:01:04.966361+02:00] PHP_BASICS.INFO: SELECT * FROM tasks [] []
[2022-04-28T05:01:07.120705+02:00] PHP_BASICS.INFO: UPDATE tasks SET completed = ? WHERE id = 67 [] []
[2022-04-28T05:01:07.166555+02:00] PHP_BASICS.INFO: SELECT * FROM tasks [] []
[2022-04-28T05:01:11.688976+02:00] PHP_BASICS.INFO: UPDATE tasks SET completed = ? WHERE id = 69 [] []
[2022-04-28T05:01:11.716425+02:00] PHP_BASICS.INFO: SELECT * FROM tasks [] []
[2022-04-28T05:01:21.363990+02:00] PHP_BASICS.INFO: SELECT * FROM tasks WHERE completed = 0 [] []
[2022-04-28T05:01:22.203013+02:00] PHP_BASICS.INFO: SELECT * FROM tasks WHERE completed = 1 [] []
[2022-04-28T05:01:22.903203+02:00] PHP_BASICS.INFO: SELECT * FROM tasks [] []
[2022-04-28T05:01:25.670834+02:00] PHP_BASICS.INFO: SELECT * FROM tasks [] []
[2022-05-25T13:43:38.506274+02:00] PHP_BASICS.INFO: SELECT * FROM tasks [] []
[2022-05-25T14:06:45.734809+02:00] PHP_BASICS.INFO: SELECT * FROM tasks [] []
[2022-05-25T14:07:56.559703+02:00] PHP_BASICS.INFO: SELECT * FROM tasks [] []
[2022-05-25T14:07:57.473277+02:00] PHP_BASICS.INFO: SELECT * FROM tasks [] []
[2022-05-30T15:33:58.912162+02:00] PHP_BASICS.INFO: SELECT * FROM tasks [] []
[2022-05-30T15:34:05.461236+02:00] PHP_BASICS.INFO: UPDATE tasks SET completed = ? WHERE id = 67 [] []
[2022-05-30T15:34:05.537199+02:00] PHP_BASICS.INFO: SELECT * FROM tasks [] []
[2022-05-30T15:34:08.115201+02:00] PHP_BASICS.INFO: UPDATE tasks SET completed = ? WHERE id = 68 [] []
[2022-05-30T15:34:08.178880+02:00] PHP_BASICS.INFO: SELECT * FROM tasks [] []
[2022-05-30T15:34:09.158780+02:00] PHP_BASICS.INFO: UPDATE tasks SET completed = ? WHERE id = 70 [] []
[2022-05-30T15:34:09.203899+02:00] PHP_BASICS.INFO: SELECT * FROM tasks [] []
[2022-05-30T15:34:10.898932+02:00] PHP_BASICS.INFO: SELECT * FROM tasks WHERE completed = 0 [] []
[2022-05-30T15:34:12.710590+02:00] PHP_BASICS.INFO: SELECT * FROM tasks WHERE completed = 1 [] []
[2022-05-30T15:34:14.908842+02:00] PHP_BASICS.INFO: SELECT * FROM tasks [] []
[2022-05-30T15:34:17.409853+02:00] PHP_BASICS.INFO: UPDATE tasks SET completed = ? WHERE id = 67 [] []
[2022-05-30T15:34:17.453311+02:00] PHP_BASICS.INFO: SELECT * FROM tasks [] []
[2022-07-18T14:09:26.677963+02:00] PHP_BASICS.INFO: SELECT * FROM tasks [] []
[2022-07-18T14:10:24.295535+02:00] PHP_BASICS.INFO: SELECT * FROM tasks [] []
[2022-07-18T14:10:25.142521+02:00] PHP_BASICS.INFO: SELECT * FROM tasks [] []
[2022-09-29T21:41:58.181974+02:00] PHP_BASICS.INFO: SELECT * FROM tasks [] []
[2022-09-29T21:42:06.738357+02:00] PHP_BASICS.INFO: DELETE FROM tasks WHERE id = 9 [] []
[2022-09-29T21:42:06.769690+02:00] PHP_BASICS.INFO: SELECT * FROM tasks [] []
[2022-09-29T21:42:18.867633+02:00] PHP_BASICS.INFO: INSERT INTO tasks (description) VALUES (?) [] []
[2022-09-29T21:43:23.858113+02:00] PHP_BASICS.INFO: INSERT INTO tasks (description) VALUES (?) [] []
[2022-09-29T21:43:23.904454+02:00] PHP_BASICS.INFO: SELECT * FROM tasks [] []
[2022-09-29T21:43:30.912377+02:00] PHP_BASICS.INFO: INSERT INTO tasks (description) VALUES (?) [] []
[2022-09-29T21:43:30.958474+02:00] PHP_BASICS.INFO: SELECT * FROM tasks [] []
[2022-09-29T21:43:32.823866+02:00] PHP_BASICS.INFO: UPDATE tasks SET completed = ? WHERE id = 11 [] []
[2022-09-29T21:43:32.861004+02:00] PHP_BASICS.INFO: SELECT * FROM tasks [] []
[2022-09-29T21:43:34.084636+02:00] PHP_BASICS.INFO: UPDATE tasks SET completed = ? WHERE id = 11 [] []
[2022-09-29T21:43:34.116663+02:00] PHP_BASICS.INFO: SELECT * FROM tasks [] []
[2022-09-29T21:43:43.420915+02:00] PHP_BASICS.INFO: SELECT * FROM tasks WHERE completed = 0 [] []
[2022-09-29T21:43:43.990189+02:00] PHP_BASICS.INFO: SELECT * FROM tasks WHERE completed = 1 [] []
[2022-09-29T21:43:44.504223+02:00] PHP_BASICS.INFO: SELECT * FROM tasks [] []
[2022-09-29T21:43:45.758154+02:00] PHP_BASICS.INFO: UPDATE tasks SET completed = ? WHERE id = 10 [] []
[2022-09-29T21:43:45.789310+02:00] PHP_BASICS.INFO: SELECT * FROM tasks [] []
[2022-09-29T21:43:46.416249+02:00] PHP_BASICS.INFO: SELECT * FROM tasks WHERE completed = 0 [] []
[2022-09-29T21:43:47.173104+02:00] PHP_BASICS.INFO: SELECT * FROM tasks WHERE completed = 1 [] []
[2022-09-29T21:43:47.886081+02:00] PHP_BASICS.INFO: SELECT * FROM tasks [] []
[2022-09-29T21:43:48.276378+02:00] PHP_BASICS.INFO: SELECT * FROM tasks WHERE completed = 0 [] []
[2022-09-29T21:43:49.066583+02:00] PHP_BASICS.INFO: SELECT * FROM tasks WHERE completed = 1 [] []
[2022-09-29T21:43:49.732205+02:00] PHP_BASICS.INFO: UPDATE tasks SET completed = ? WHERE id = 10 [] []
[2022-09-29T21:43:49.762792+02:00] PHP_BASICS.INFO: SELECT * FROM tasks WHERE completed = 1 [] []
[2022-09-29T21:43:50.897755+02:00] PHP_BASICS.INFO: SELECT * FROM tasks [] []
